Determining if the pthread_create exist failed with the following output:
Change Dir: /cise/homes/aranjan/Desktop/Progs/hpcc_build/CMakeFiles/CMakeTmp

Run Build Command:/usr/bin/make "cmTryCompileExec3442887026/fast"
/usr/bin/make -f CMakeFiles/cmTryCompileExec3442887026.dir/build.make CMakeFiles/cmTryCompileExec3442887026.dir/build
make[1]: Entering directory `/cise/homes/aranjan/Desktop/Progs/hpcc_build/CMakeFiles/CMakeTmp'
/usr/bin/cmake -E cmake_progress_report /cise/homes/aranjan/Desktop/Progs/hpcc_build/CMakeFiles/CMakeTmp/CMakeFiles 1
Building C object CMakeFiles/cmTryCompileExec3442887026.dir/CheckSymbolExists.c.o
/usr/bin/cc    -o CMakeFiles/cmTryCompileExec3442887026.dir/CheckSymbolExists.c.o   -c /cise/homes/aranjan/Desktop/Progs/hpcc_build/CMakeFiles/CMakeTmp/CheckSymbolExists.c
Linking C executable cmTryCompileExec3442887026
/usr/bin/cmake -E cmake_link_script CMakeFiles/cmTryCompileExec3442887026.dir/link.txt --verbose=1
/usr/bin/cc       CMakeFiles/cmTryCompileExec3442887026.dir/CheckSymbolExists.c.o  -o cmTryCompileExec3442887026 -rdynamic 
CMakeFiles/cmTryCompileExec3442887026.dir/CheckSymbolExists.c.o: In function `main':
CheckSymbolExists.c:(.text+0x16): undefined reference to `pthread_create'
collect2: error: ld returned 1 exit status
make[1]: *** [cmTryCompileExec3442887026] Error 1
make[1]: Leaving directory `/cise/homes/aranjan/Desktop/Progs/hpcc_build/CMakeFiles/CMakeTmp'
make: *** [cmTryCompileExec3442887026/fast] Error 2

File /cise/homes/aranjan/Desktop/Progs/hpcc_build/CMakeFiles/CMakeTmp/CheckSymbolExists.c:
/* */
#include <pthread.h>

int main(int argc, char** argv)
{
  (void)argv;
#ifndef pthread_create
  return ((int*)(&pthread_create))[argc];
#else
  (void)argc;
  return 0;
#endif
}

Determining if the function pthread_create exists in the pthreads failed with the following output:
Change Dir: /cise/homes/aranjan/Desktop/Progs/hpcc_build/CMakeFiles/CMakeTmp

Run Build Command:/usr/bin/make "cmTryCompileExec457471517/fast"
/usr/bin/make -f CMakeFiles/cmTryCompileExec457471517.dir/build.make CMakeFiles/cmTryCompileExec457471517.dir/build
make[1]: Entering directory `/cise/homes/aranjan/Desktop/Progs/hpcc_build/CMakeFiles/CMakeTmp'
/usr/bin/cmake -E cmake_progress_report /cise/homes/aranjan/Desktop/Progs/hpcc_build/CMakeFiles/CMakeTmp/CMakeFiles 1
Building C object CMakeFiles/cmTryCompileExec457471517.dir/CheckFunctionExists.c.o
/usr/bin/cc   -DCHECK_FUNCTION_EXISTS=pthread_create   -o CMakeFiles/cmTryCompileExec457471517.dir/CheckFunctionExists.c.o   -c /usr/share/cmake-2.8/Modules/CheckFunctionExists.c
Linking C executable cmTryCompileExec457471517
/usr/bin/cmake -E cmake_link_script CMakeFiles/cmTryCompileExec457471517.dir/link.txt --verbose=1
/usr/bin/cc   -DCHECK_FUNCTION_EXISTS=pthread_create    CMakeFiles/cmTryCompileExec457471517.dir/CheckFunctionExists.c.o  -o cmTryCompileExec457471517 -rdynamic -lpthreads 
/usr/bin/ld: cannot find -lpthreads
collect2: error: ld returned 1 exit status
make[1]: Leaving directory `/cise/homes/aranjan/Desktop/Progs/hpcc_build/CMakeFiles/CMakeTmp'
make[1]: *** [cmTryCompileExec457471517] Error 1
make: *** [cmTryCompileExec457471517/fast] Error 2


